<?xml version="1.0" encoding="UTF-8"?>
<!-- Generated by org.testng.reporters.JUnitReportReporter -->
<testsuite hostname="chaitanya-PC" name="com.dealwallet.webdriver.selenium.TestCase2" tests="1" failures="0" timestamp="15 Mar 2013 04:48:43 GMT" time="210.850" errors="0">
  <testcase name="testcase1" time="210.850" classname="com.dealwallet.webdriver.selenium.TestCase2"/>
</testsuite> <!-- com.dealwallet.webdriver.selenium.TestCase2 -->
