<?xml version="1.0" encoding="UTF-8"?>
<!-- Generated by org.testng.reporters.JUnitReportReporter -->
<testsuite hostname="chaitanya-PC" name="com.dealwallet.webdriver.selenium.Practice1" tests="1" failures="0" timestamp="14 Mar 2013 06:59:07 GMT" time="223.852" errors="0">
  <testcase name="p1test" time="223.852" classname="com.dealwallet.webdriver.selenium.Practice1"/>
</testsuite> <!-- com.dealwallet.webdriver.selenium.Practice1 -->
