<?xml version="1.0" encoding="UTF-8"?>
<!-- Generated by org.testng.reporters.JUnitReportReporter -->
<testsuite hostname="tsssinfotech-LIFEBOOK-AH532" name="com.dealwallet.webdriver.selenium.Restaurants" tests="1" failures="0" timestamp="19 Mar 2013 06:38:40 GMT" time="320.982" errors="0">
  <testcase name="testRestaurants" time="320.982" classname="com.dealwallet.webdriver.selenium.Restaurants"/>
</testsuite> <!-- com.dealwallet.webdriver.selenium.Restaurants -->
