<?xml version="1.0" encoding="UTF-8"?>
<!-- Generated by org.testng.reporters.JUnitReportReporter -->
<testsuite hostname="tsssinfotech-LIFEBOOK-AH532" name="com.dealwallet.webdriver.selenium.SampleScript" tests="1" failures="0" timestamp="21 Mar 2013 15:44:11 GMT" time="475.695" errors="0">
  <testcase name="testElectronics" time="475.695" classname="com.dealwallet.webdriver.selenium.SampleScript"/>
</testsuite> <!-- com.dealwallet.webdriver.selenium.SampleScript -->
