<?xml version="1.0" encoding="UTF-8"?>
<!-- Generated by org.testng.reporters.JUnitReportReporter -->
<testsuite hostname="tsssinfotech-LIFEBOOK-AH532" name="com.dealwallet.webdriver.selenium.BabiesAndKids" tests="1" failures="0" timestamp="18 Mar 2013 10:18:45 GMT" time="306.295" errors="0">
  <testcase name="testBabiesAndKids" time="306.295" classname="com.dealwallet.webdriver.selenium.BabiesAndKids"/>
</testsuite> <!-- com.dealwallet.webdriver.selenium.BabiesAndKids -->
