<?xml version="1.0" encoding="UTF-8"?>
<!-- Generated by org.testng.reporters.JUnitReportReporter -->
<testsuite hostname="chaitanya-PC" name="com.dealwallet.webdriver.selenium.TestCase3" tests="1" failures="0" timestamp="15 Mar 2013 07:55:10 GMT" time="348.870" errors="0">
  <testcase name="testcase3" time="348.870" classname="com.dealwallet.webdriver.selenium.TestCase3"/>
</testsuite> <!-- com.dealwallet.webdriver.selenium.TestCase3 -->
