<?xml version="1.0" encoding="UTF-8"?>
<!-- Generated by org.testng.reporters.JUnitReportReporter -->
<testsuite hostname="tsssinfotech-LIFEBOOK-AH532" name="com.dealwallet.webdriver.selenium.SportingGoods" tests="1" failures="0" timestamp="19 Mar 2013 06:47:11 GMT" time="376.058" errors="0">
  <testcase name="testSportingGoods" time="376.058" classname="com.dealwallet.webdriver.selenium.SportingGoods"/>
</testsuite> <!-- com.dealwallet.webdriver.selenium.SportingGoods -->
