<?xml version="1.0" encoding="UTF-8"?>
<!-- Generated by org.testng.reporters.JUnitReportReporter -->
<testsuite hostname="chaitanya-PC" name="com.dealwallet.webdriver.selenium.TestCase1" tests="1" failures="0" timestamp="14 Mar 2013 13:48:14 GMT" time="81.458" errors="0">
  <testcase name="testcase1" time="81.458" classname="com.dealwallet.webdriver.selenium.TestCase1"/>
</testsuite> <!-- com.dealwallet.webdriver.selenium.TestCase1 -->
