<?xml version="1.0" encoding="UTF-8"?>
<!-- Generated by org.testng.reporters.JUnitReportReporter -->
<testsuite hostname="tsssinfotech-LIFEBOOK-AH532" name="pavan.PDb" tests="1" failures="0" timestamp="24 Mar 2013 09:47:47 GMT" time="29.271" errors="0">
  <testcase name="test" time="29.271" classname="pavan.PDb"/>
</testsuite> <!-- pavan.PDb -->
