<?xml version="1.0" encoding="UTF-8"?>
<!-- Generated by org.testng.reporters.JUnitReportReporter -->
<testsuite hostname="tsssinfotech-LIFEBOOK-AH532" name="com.dealwallet.webdriver.selenium.Others" tests="1" failures="0" timestamp="19 Mar 2013 05:59:05 GMT" time="1277.307" errors="0">
  <testcase name="testElectronics" time="1277.307" classname="com.dealwallet.webdriver.selenium.Others"/>
</testsuite> <!-- com.dealwallet.webdriver.selenium.Others -->
