<?xml version="1.0" encoding="UTF-8"?>
<!-- Generated by org.testng.reporters.JUnitReportReporter -->
<testsuite hostname="tsssinfotech-LIFEBOOK-AH532" name="com.dealwallet.webdriver.selenium.JewelleryAndWatches" tests="1" failures="0" timestamp="18 Mar 2013 08:55:05 GMT" time="275.884" errors="0">
  <testcase name="testJewelleryAndWatches" time="275.884" classname="com.dealwallet.webdriver.selenium.JewelleryAndWatches"/>
</testsuite> <!-- com.dealwallet.webdriver.selenium.JewelleryAndWatches -->
