<?xml version="1.0" encoding="UTF-8"?>
<!-- Generated by org.testng.reporters.JUnitReportReporter -->
<testsuite hostname="tsssinfotech-LIFEBOOK-AH532" name="com.dealwallet.webdriver.selenium.StoresPage" tests="1" failures="0" timestamp="27 Mar 2013 06:28:20 GMT" time="1713.553" errors="0">
  <testcase name="testStorePage" time="1713.553" classname="com.dealwallet.webdriver.selenium.StoresPage"/>
</testsuite> <!-- com.dealwallet.webdriver.selenium.StoresPage -->
