<?xml version="1.0" encoding="UTF-8"?>
<!-- Generated by org.testng.reporters.JUnitReportReporter -->
<testsuite hostname="tsssinfotech-LIFEBOOK-AH532" name="com.dealwallet.webdriver.selenium.FlowersAndGifts" tests="1" failures="0" timestamp="18 Mar 2013 07:17:00 GMT" time="164.738" errors="0">
  <testcase name="testcomputers" time="164.738" classname="com.dealwallet.webdriver.selenium.FlowersAndGifts"/>
</testsuite> <!-- com.dealwallet.webdriver.selenium.FlowersAndGifts -->
