<?xml version="1.0" encoding="UTF-8"?>
<!-- Generated by org.testng.reporters.JUnitReportReporter -->
<testsuite hostname="tsssinfotech-LIFEBOOK-AH532" name="com.dealwallet.webdriver.selenium.Gaming" tests="1" failures="0" timestamp="18 Mar 2013 07:53:18 GMT" time="278.303" errors="0">
  <testcase name="testFlowersAndGifts" time="278.303" classname="com.dealwallet.webdriver.selenium.Gaming"/>
</testsuite> <!-- com.dealwallet.webdriver.selenium.Gaming -->
