<?xml version="1.0" encoding="UTF-8"?>
<!-- Generated by org.testng.reporters.JUnitReportReporter -->
<testsuite hostname="tsssinfotech-LIFEBOOK-AH532" name="com.dealwallet.webdriver.selenium.Books" tests="1" failures="0" timestamp="18 Mar 2013 16:52:30 GMT" time="222.494" errors="0">
  <testcase name="testBooks" time="222.494" classname="com.dealwallet.webdriver.selenium.Books"/>
</testsuite> <!-- com.dealwallet.webdriver.selenium.Books -->
