<?xml version="1.0" encoding="UTF-8"?>
<!-- Generated by org.testng.reporters.JUnitReportReporter -->
<testsuite hostname="tsssinfotech-LIFEBOOK-AH532" name="com.dealwallet.webdriver.selenium.ApparelAndClothing" tests="1" failures="0" timestamp="18 Mar 2013 09:19:59 GMT" time="278.808" errors="0">
  <testcase name="testApparelAndClothing" time="278.808" classname="com.dealwallet.webdriver.selenium.ApparelAndClothing"/>
</testsuite> <!-- com.dealwallet.webdriver.selenium.ApparelAndClothing -->
