<?xml version="1.0" encoding="UTF-8"?>
<!-- Generated by org.testng.reporters.JUnitReportReporter -->
<testsuite hostname="tsssinfotech-LIFEBOOK-AH532" name="com.dealwallet.webdriver.selenium.Deals.DealsPage" tests="1" failures="0" timestamp="20 Mar 2013 11:13:23 GMT" time="184.290" errors="0">
  <testcase name="testDealsPage" time="184.290" classname="com.dealwallet.webdriver.selenium.Deals.DealsPage"/>
</testsuite> <!-- com.dealwallet.webdriver.selenium.Deals.DealsPage -->
