<?xml version="1.0" encoding="UTF-8"?>
<!-- Generated by org.testng.reporters.JUnitReportReporter -->
<testsuite hostname="tsssinfotech-LIFEBOOK-AH532" name="pavan.Links" tests="1" failures="0" timestamp="24 Mar 2013 13:30:49 GMT" time="9.761" errors="0">
  <testcase name="linkNames" time="9.761" classname="pavan.Links"/>
</testsuite> <!-- pavan.Links -->
