<?xml version="1.0" encoding="UTF-8"?>
<!-- Generated by org.testng.reporters.JUnitReportReporter -->
<testsuite hostname="tsssinfotech-LIFEBOOK-AH532" name="com.dealwallet.webdriver.selenium.First" tests="1" failures="0" timestamp="18 Mar 2013 16:44:17 GMT" time="165.956" errors="0">
  <testcase name="testGoogle" time="165.956" classname="com.dealwallet.webdriver.selenium.First"/>
</testsuite> <!-- com.dealwallet.webdriver.selenium.First -->
