<?xml version="1.0" encoding="UTF-8"?>
<!-- Generated by org.testng.reporters.JUnitReportReporter -->
<testsuite hostname="tsssinfotech-LIFEBOOK-AH532" name="com.dealwallet.webdriver.selenium.PersonalAndHealthCare" tests="1" failures="0" timestamp="19 Mar 2013 06:31:25 GMT" time="189.038" errors="0">
  <testcase name="testPersonalAndHealthCare" time="189.038" classname="com.dealwallet.webdriver.selenium.PersonalAndHealthCare"/>
</testsuite> <!-- com.dealwallet.webdriver.selenium.PersonalAndHealthCare -->
