<?xml version="1.0" encoding="UTF-8"?>
<!-- Generated by org.testng.reporters.JUnitReportReporter -->
<testsuite hostname="tsssinfotech-LIFEBOOK-AH532" name="com.dealwallet.webdriver.selenium.MobilesAndAccessories" tests="1" failures="0" timestamp="18 Mar 2013 16:25:21 GMT" time="603.041" errors="0">
  <testcase name="testCameras" time="603.041" classname="com.dealwallet.webdriver.selenium.MobilesAndAccessories"/>
</testsuite> <!-- com.dealwallet.webdriver.selenium.MobilesAndAccessories -->
