<?xml version="1.0" encoding="UTF-8"?>
<!-- Generated by org.testng.reporters.JUnitReportReporter -->
<testsuite hostname="tsssinfotech-LIFEBOOK-AH532" name="com.dealwallet.webdriver.selenium.TVVideoAndMP3Players" tests="1" failures="0" timestamp="19 Mar 2013 07:12:51 GMT" time="247.663" errors="0">
  <testcase name="testTVVideoAndMP3Players" time="247.663" classname="com.dealwallet.webdriver.selenium.TVVideoAndMP3Players"/>
</testsuite> <!-- com.dealwallet.webdriver.selenium.TVVideoAndMP3Players -->
