<?xml version="1.0" encoding="UTF-8"?>
<!-- Generated by org.testng.reporters.JUnitReportReporter -->
<testsuite hostname="tsssinfotech-LIFEBOOK-AH532" name="com.dealwallet.webdriver.selenium.PensAndStationery" tests="1" failures="0" timestamp="19 Mar 2013 06:23:12 GMT" time="285.869" errors="0">
  <testcase name="testPensAndStationery" time="285.869" classname="com.dealwallet.webdriver.selenium.PensAndStationery"/>
</testsuite> <!-- com.dealwallet.webdriver.selenium.PensAndStationery -->
