<?xml version="1.0" encoding="UTF-8"?>
<!-- Generated by org.testng.reporters.JUnitReportReporter -->
<testsuite hostname="tsssinfotech-LIFEBOOK-AH532" name="com.dealwallet.webdriver.selenium.Computers" tests="1" failures="0" timestamp="18 Mar 2013 10:37:31 GMT" time="235.198" errors="0">
  <testcase name="testcomputers" time="235.198" classname="com.dealwallet.webdriver.selenium.Computers"/>
</testsuite> <!-- com.dealwallet.webdriver.selenium.Computers -->
