<?xml version="1.0" encoding="UTF-8"?>
<!-- Generated by org.testng.reporters.JUnitReportReporter -->
<testsuite hostname="tsssinfotech-LIFEBOOK-AH532" name="com.dealwallet.webdriver.selenium.HomeAndKitchen" tests="1" failures="0" timestamp="18 Mar 2013 08:48:30 GMT" time="235.601" errors="0">
  <testcase name="testHomeAndKitchen" time="235.601" classname="com.dealwallet.webdriver.selenium.HomeAndKitchen"/>
</testsuite> <!-- com.dealwallet.webdriver.selenium.HomeAndKitchen -->
