<?xml version="1.0" encoding="UTF-8"?>
<!-- Generated by org.testng.reporters.JUnitReportReporter -->
<testsuite hostname="tsssinfotech-LIFEBOOK-AH532" name="com.dealwallet.webdriver.selenium.Database.DBPgrm2" tests="1" failures="0" timestamp="22 Mar 2013 06:33:16 GMT" time="50.722" errors="0">
  <testcase name="startDB" time="50.722" classname="com.dealwallet.webdriver.selenium.Database.DBPgrm2"/>
</testsuite> <!-- com.dealwallet.webdriver.selenium.Database.DBPgrm2 -->
