<?xml version="1.0" encoding="UTF-8"?>
<!-- Generated by org.testng.reporters.JUnitReportReporter -->
<testsuite hostname="tsssinfotech-LIFEBOOK-AH532" name="com.dealwallet.webdriver.selenium.Travel" tests="1" failures="0" timestamp="19 Mar 2013 07:06:03 GMT" time="317.292" errors="0">
  <testcase name="testTravel" time="317.292" classname="com.dealwallet.webdriver.selenium.Travel"/>
</testsuite> <!-- com.dealwallet.webdriver.selenium.Travel -->
