<?xml version="1.0" encoding="UTF-8"?>
<!-- Generated by org.testng.reporters.JUnitReportReporter -->
<testsuite hostname="tsssinfotech-LIFEBOOK-AH532" name="com.dealwallet.webdriver.selenium.Electronics" tests="1" failures="0" timestamp="18 Mar 2013 10:47:35 GMT" time="943.337" errors="0">
  <testcase name="testElectronics" time="943.337" classname="com.dealwallet.webdriver.selenium.Electronics"/>
</testsuite> <!-- com.dealwallet.webdriver.selenium.Electronics -->
