<?xml version="1.0" encoding="UTF-8"?>
<!-- Generated by org.testng.reporters.JUnitReportReporter -->
<testsuite hostname="tsssinfotech-LIFEBOOK-AH532" name="pavan.Mouseover" tests="1" failures="0" timestamp="24 Mar 2013 10:26:28 GMT" time="28.964" errors="0">
  <testcase name="testMousOver" time="28.964" classname="pavan.Mouseover"/>
</testsuite> <!-- pavan.Mouseover -->
