<?xml version="1.0" encoding="UTF-8"?>
<!-- Generated by org.testng.reporters.JUnitReportReporter -->
<testsuite hostname="tsssinfotech-LIFEBOOK-AH532" name="com.dealwallet.webdriver.selenium.Cameras" tests="1" failures="0" timestamp="18 Mar 2013 10:29:55 GMT" time="533.671" errors="0">
  <testcase name="testCameras" time="533.671" classname="com.dealwallet.webdriver.selenium.Cameras"/>
</testsuite> <!-- com.dealwallet.webdriver.selenium.Cameras -->
