<?xml version="1.0" encoding="UTF-8"?>
<!-- Generated by org.testng.reporters.JUnitReportReporter -->
<testsuite hostname="tsssinfotech-LIFEBOOK-AH532" name="com.dealwallet.webdriver.selenium.Toys" tests="1" failures="0" timestamp="21 Mar 2013 06:27:44 GMT" time="114.814" errors="0">
  <testcase name="testToys" time="114.814" classname="com.dealwallet.webdriver.selenium.Toys"/>
</testsuite> <!-- com.dealwallet.webdriver.selenium.Toys -->
