<?xml version="1.0" encoding="UTF-8"?>
<!-- Generated by org.testng.reporters.JUnitReportReporter -->
<testsuite hostname="tsssinfotech-LIFEBOOK-AH532" name="com.dealwallet.webdriver.selenium.Deals.DealsofHyd" tests="1" failures="0" timestamp="20 Mar 2013 12:00:29 GMT" time="607.942" errors="0">
  <testcase name="testHydDeals" time="607.942" classname="com.dealwallet.webdriver.selenium.Deals.DealsofHyd"/>
</testsuite> <!-- com.dealwallet.webdriver.selenium.Deals.DealsofHyd -->
