<?xml version="1.0" encoding="UTF-8"?>
<!-- Generated by org.testng.reporters.JUnitReportReporter -->
<testsuite hostname="tsssinfotech-LIFEBOOK-AH532" name="com.dealwallet.webdriver.selenium.GroceryAndGourmet" tests="1" failures="0" timestamp="18 Mar 2013 08:39:06 GMT" time="189.734" errors="0">
  <testcase name="testFlowersAndGifts" time="189.734" classname="com.dealwallet.webdriver.selenium.GroceryAndGourmet"/>
</testsuite> <!-- com.dealwallet.webdriver.selenium.GroceryAndGourmet -->
